  Practica5.cpp
a:\users\pablo\onedrive\aeda\practica5\practica5\funcionesordenacion.hpp(22): warning C4018: '<': no coinciden signed/unsigned
  a:\users\pablo\onedrive\aeda\practica5\practica5\practica5.cpp(66): note: vea la referencia a la creación de instancias de plantilla de función 'void print_it<DNI>(const std::vector<DNI,std::allocator<_Ty>> &,int,int)' que se está compilando
          with
          [
              _Ty=DNI
          ]
a:\users\pablo\onedrive\aeda\practica5\practica5\funcionesordenacion.hpp(49): warning C4018: '<': no coinciden signed/unsigned
  a:\users\pablo\onedrive\aeda\practica5\practica5\practica5.cpp(74): note: vea la referencia a la creación de instancias de plantilla de función 'void insercion<DNI>(std::vector<DNI,std::allocator<_Ty>> &,int)' que se está compilando
          with
          [
              _Ty=DNI
          ]
a:\users\pablo\onedrive\aeda\practica5\practica5\funcionesordenacion.hpp(249): warning C4244: 'inicializando': conversión de 'double' a 'int'; posible pérdida de datos
  a:\users\pablo\onedrive\aeda\practica5\practica5\funcionesordenacion.hpp(240): note: vea la referencia a la creación de instancias de plantilla de función 'void deltasort<DNI>(std::vector<DNI,std::allocator<_Ty>> &,int,double)' que se está compilando
          with
          [
              _Ty=DNI
          ]
  a:\users\pablo\onedrive\aeda\practica5\practica5\practica5.cpp(90): note: vea la referencia a la creación de instancias de plantilla de función 'void incDec<DNI>(std::vector<DNI,std::allocator<_Ty>> &,int,double)' que se está compilando
          with
          [
              _Ty=DNI
          ]
a:\users\pablo\onedrive\aeda\practica5\practica5\funcionesordenacion.hpp(249): warning C4018: '<': no coinciden signed/unsigned
a:\users\pablo\onedrive\aeda\practica5\practica5\funcionesordenacion.hpp(254): warning C4244: 'argumento': conversión de 'double' a 'const unsigned int'; posible pérdida de datos
a:\users\pablo\onedrive\aeda\practica5\practica5\funcionesordenacion.hpp(256): warning C4244: 'argumento': conversión de 'double' a 'const unsigned int'; posible pérdida de datos
a:\users\pablo\onedrive\aeda\practica5\practica5\funcionesordenacion.hpp(260): warning C4244: 'argumento': conversión de 'double' a 'const unsigned int'; posible pérdida de datos
  Practica5.vcxproj -> A:\Users\Pablo\OneDrive\AEDA\Practica5\Debug\Practica5.exe
